<?xml version="1.0" encoding="UTF-8"?>
<!-- Generated by org.testng.reporters.JUnitReportReporter -->
<testsuite hostname="LAPTOP-SPPJ5AEL" failures="0" tests="1" name="com.crm.vtiger.createContact.CreateContactsByUsingReportsToAndVerifyTest" time="49.143" errors="0" timestamp="2022-06-23T14:44:00 IST" skipped="0">
  <testcase classname="com.crm.vtiger.createContact.CreateContactsByUsingReportsToAndVerifyTest" name="createContactsByUsingReportsToAndVerifyTest" time="49.143"/>
  <system-out/>
</testsuite> <!-- com.crm.vtiger.createContact.CreateContactsByUsingReportsToAndVerifyTest -->
